{"C:\\Projects\\REACT2023Q4\\src\\Header\\Header.tsx": {"path":"C:\\Projects\\REACT2023Q4\\src\\Header\\Header.tsx","all":false,"statementMap":{"0":{"start":{"line":1,"column":0},"end":{"line":1,"column":42}},"1":{"start":{"line":2,"column":0},"end":{"line":2,"column":0}},"2":{"start":{"line":3,"column":0},"end":{"line":3,"column":22}},"3":{"start":{"line":4,"column":0},"end":{"line":4,"column":54}},"4":{"start":{"line":5,"column":0},"end":{"line":5,"column":2}},"5":{"start":{"line":6,"column":0},"end":{"line":6,"column":0}},"6":{"start":{"line":7,"column":0},"end":{"line":7,"column":22}}},"s":{"0":1,"1":1,"2":1,"3":4,"4":4,"5":1,"6":1},"branchMap":{"0":{"type":"branch","line":3,"loc":{"start":{"line":3,"column":15},"end":{"line":5,"column":2}},"locations":[{"start":{"line":3,"column":15},"end":{"line":5,"column":2}}]}},"b":{"0":[4]},"fnMap":{"0":{"name":"Header","decl":{"start":{"line":3,"column":15},"end":{"line":5,"column":2}},"loc":{"start":{"line":3,"column":15},"end":{"line":5,"column":2}},"line":3}},"f":{"0":4}}
,"C:\\Projects\\REACT2023Q4\\src\\Result\\SearchResult.tsx": {"path":"C:\\Projects\\REACT2023Q4\\src\\Result\\SearchResult.tsx","all":false,"statementMap":{"0":{"start":{"line":1,"column":0},"end":{"line":1,"column":48}},"1":{"start":{"line":2,"column":0},"end":{"line":2,"column":31}},"2":{"start":{"line":3,"column":0},"end":{"line":3,"column":8}},"3":{"start":{"line":4,"column":0},"end":{"line":4,"column":16}},"4":{"start":{"line":5,"column":0},"end":{"line":5,"column":19}},"5":{"start":{"line":6,"column":0},"end":{"line":6,"column":18}},"6":{"start":{"line":7,"column":0},"end":{"line":7,"column":9}},"7":{"start":{"line":8,"column":0},"end":{"line":8,"column":14}},"8":{"start":{"line":9,"column":0},"end":{"line":9,"column":21}},"9":{"start":{"line":10,"column":0},"end":{"line":10,"column":12}},"10":{"start":{"line":11,"column":0},"end":{"line":11,"column":26}},"11":{"start":{"line":12,"column":0},"end":{"line":12,"column":38}},"12":{"start":{"line":13,"column":0},"end":{"line":13,"column":41}},"13":{"start":{"line":14,"column":0},"end":{"line":14,"column":62}},"14":{"start":{"line":15,"column":0},"end":{"line":15,"column":0}},"15":{"start":{"line":16,"column":0},"end":{"line":16,"column":20}},"16":{"start":{"line":17,"column":0},"end":{"line":17,"column":15}},"17":{"start":{"line":18,"column":0},"end":{"line":18,"column":35}},"18":{"start":{"line":19,"column":0},"end":{"line":19,"column":2}},"19":{"start":{"line":20,"column":0},"end":{"line":20,"column":0}},"20":{"start":{"line":21,"column":0},"end":{"line":21,"column":28}},"21":{"start":{"line":22,"column":0},"end":{"line":22,"column":43}},"22":{"start":{"line":23,"column":0},"end":{"line":23,"column":37}},"23":{"start":{"line":24,"column":0},"end":{"line":24,"column":50}},"24":{"start":{"line":25,"column":0},"end":{"line":25,"column":37}},"25":{"start":{"line":26,"column":0},"end":{"line":26,"column":43}},"26":{"start":{"line":27,"column":0},"end":{"line":27,"column":33}},"27":{"start":{"line":28,"column":0},"end":{"line":28,"column":0}},"28":{"start":{"line":29,"column":0},"end":{"line":29,"column":39}},"29":{"start":{"line":30,"column":0},"end":{"line":30,"column":53}},"30":{"start":{"line":31,"column":0},"end":{"line":31,"column":17}},"31":{"start":{"line":32,"column":0},"end":{"line":32,"column":44}},"32":{"start":{"line":33,"column":0},"end":{"line":33,"column":52}},"33":{"start":{"line":34,"column":0},"end":{"line":34,"column":9}},"34":{"start":{"line":35,"column":0},"end":{"line":35,"column":24}},"35":{"start":{"line":36,"column":0},"end":{"line":36,"column":15}},"36":{"start":{"line":37,"column":0},"end":{"line":37,"column":9}},"37":{"start":{"line":38,"column":0},"end":{"line":38,"column":36}},"38":{"start":{"line":39,"column":0},"end":{"line":39,"column":35}},"39":{"start":{"line":40,"column":0},"end":{"line":40,"column":10}},"40":{"start":{"line":41,"column":0},"end":{"line":41,"column":27}},"41":{"start":{"line":42,"column":0},"end":{"line":42,"column":8}},"42":{"start":{"line":43,"column":0},"end":{"line":43,"column":12}},"43":{"start":{"line":44,"column":0},"end":{"line":44,"column":65}},"44":{"start":{"line":45,"column":0},"end":{"line":45,"column":5}},"45":{"start":{"line":46,"column":0},"end":{"line":46,"column":4}},"46":{"start":{"line":47,"column":0},"end":{"line":47,"column":0}},"47":{"start":{"line":48,"column":0},"end":{"line":48,"column":42}},"48":{"start":{"line":49,"column":0},"end":{"line":49,"column":27}},"49":{"start":{"line":50,"column":0},"end":{"line":50,"column":4}},"50":{"start":{"line":51,"column":0},"end":{"line":51,"column":0}},"51":{"start":{"line":52,"column":0},"end":{"line":52,"column":10}},"52":{"start":{"line":53,"column":0},"end":{"line":53,"column":6}},"53":{"start":{"line":54,"column":0},"end":{"line":54,"column":56}},"54":{"start":{"line":55,"column":0},"end":{"line":55,"column":39}},"55":{"start":{"line":56,"column":0},"end":{"line":56,"column":88}},"56":{"start":{"line":57,"column":0},"end":{"line":57,"column":23}},"57":{"start":{"line":58,"column":0},"end":{"line":58,"column":15}},"58":{"start":{"line":59,"column":0},"end":{"line":59,"column":41}},"59":{"start":{"line":60,"column":0},"end":{"line":60,"column":44}},"60":{"start":{"line":61,"column":0},"end":{"line":61,"column":22}},"61":{"start":{"line":62,"column":0},"end":{"line":62,"column":18}},"62":{"start":{"line":63,"column":0},"end":{"line":63,"column":34}},"63":{"start":{"line":64,"column":0},"end":{"line":64,"column":41}},"64":{"start":{"line":65,"column":0},"end":{"line":65,"column":20}},"65":{"start":{"line":66,"column":0},"end":{"line":66,"column":31}},"66":{"start":{"line":67,"column":0},"end":{"line":67,"column":17}},"67":{"start":{"line":68,"column":0},"end":{"line":68,"column":36}},"68":{"start":{"line":69,"column":0},"end":{"line":69,"column":20}},"69":{"start":{"line":70,"column":0},"end":{"line":70,"column":16}},"70":{"start":{"line":71,"column":0},"end":{"line":71,"column":18}},"71":{"start":{"line":72,"column":0},"end":{"line":72,"column":85}},"72":{"start":{"line":73,"column":0},"end":{"line":73,"column":13}},"73":{"start":{"line":74,"column":0},"end":{"line":74,"column":12}},"74":{"start":{"line":75,"column":0},"end":{"line":75,"column":14}},"75":{"start":{"line":76,"column":0},"end":{"line":76,"column":41}},"76":{"start":{"line":77,"column":0},"end":{"line":77,"column":89}},"77":{"start":{"line":78,"column":0},"end":{"line":78,"column":23}},"78":{"start":{"line":79,"column":0},"end":{"line":79,"column":15}},"79":{"start":{"line":80,"column":0},"end":{"line":80,"column":29}},"80":{"start":{"line":81,"column":0},"end":{"line":81,"column":12}},"81":{"start":{"line":82,"column":0},"end":{"line":82,"column":14}},"82":{"start":{"line":83,"column":0},"end":{"line":83,"column":12}},"83":{"start":{"line":84,"column":0},"end":{"line":84,"column":110}},"84":{"start":{"line":85,"column":0},"end":{"line":85,"column":51}},"85":{"start":{"line":86,"column":0},"end":{"line":86,"column":17}},"86":{"start":{"line":87,"column":0},"end":{"line":87,"column":56}},"87":{"start":{"line":88,"column":0},"end":{"line":88,"column":57}},"88":{"start":{"line":89,"column":0},"end":{"line":89,"column":11}},"89":{"start":{"line":90,"column":0},"end":{"line":90,"column":16}},"90":{"start":{"line":91,"column":0},"end":{"line":91,"column":19}},"91":{"start":{"line":92,"column":0},"end":{"line":92,"column":35}},"92":{"start":{"line":93,"column":0},"end":{"line":93,"column":17}},"93":{"start":{"line":94,"column":0},"end":{"line":94,"column":57}},"94":{"start":{"line":95,"column":0},"end":{"line":95,"column":57}},"95":{"start":{"line":96,"column":0},"end":{"line":96,"column":11}},"96":{"start":{"line":97,"column":0},"end":{"line":97,"column":17}},"97":{"start":{"line":98,"column":0},"end":{"line":98,"column":19}},"98":{"start":{"line":99,"column":0},"end":{"line":99,"column":14}},"99":{"start":{"line":100,"column":0},"end":{"line":100,"column":8}},"100":{"start":{"line":101,"column":0},"end":{"line":101,"column":7}},"101":{"start":{"line":102,"column":0},"end":{"line":102,"column":4}},"102":{"start":{"line":103,"column":0},"end":{"line":103,"column":2}},"103":{"start":{"line":104,"column":0},"end":{"line":104,"column":0}},"104":{"start":{"line":105,"column":0},"end":{"line":105,"column":28}}},"s":{"0":1,"1":1,"2":1,"3":1,"4":1,"5":1,"6":1,"7":1,"8":1,"9":1,"10":1,"11":1,"12":1,"13":1,"14":1,"15":1,"16":1,"17":1,"18":1,"19":1,"20":1,"21":2,"22":2,"23":2,"24":2,"25":2,"26":2,"27":2,"28":2,"29":0,"30":0,"31":0,"32":0,"33":0,"34":0,"35":0,"36":0,"37":0,"38":0,"39":0,"40":0,"41":0,"42":0,"43":0,"44":0,"45":0,"46":2,"47":2,"48":0,"49":0,"50":2,"51":2,"52":2,"53":2,"54":2,"55":2,"56":0,"57":2,"58":2,"59":1,"60":10,"61":10,"62":10,"63":0,"64":0,"65":10,"66":10,"67":10,"68":10,"69":10,"70":1,"71":1,"72":2,"73":2,"74":2,"75":2,"76":2,"77":0,"78":2,"79":2,"80":2,"81":2,"82":2,"83":2,"84":1,"85":1,"86":1,"87":1,"88":1,"89":1,"90":1,"91":1,"92":1,"93":1,"94":1,"95":1,"96":1,"97":1,"98":1,"99":2,"100":2,"101":2,"102":2,"103":1,"104":1},"branchMap":{"0":{"type":"branch","line":21,"loc":{"start":{"line":21,"column":21},"end":{"line":103,"column":2}},"locations":[{"start":{"line":21,"column":21},"end":{"line":103,"column":2}}]},"1":{"type":"branch","line":56,"loc":{"start":{"line":56,"column":31},"end":{"line":56,"column":88}},"locations":[{"start":{"line":56,"column":31},"end":{"line":56,"column":88}}]},"2":{"type":"branch","line":56,"loc":{"start":{"line":56,"column":76},"end":{"line":57,"column":23}},"locations":[{"start":{"line":56,"column":76},"end":{"line":57,"column":23}}]},"3":{"type":"branch","line":59,"loc":{"start":{"line":59,"column":38},"end":{"line":71,"column":18}},"locations":[{"start":{"line":59,"column":38},"end":{"line":71,"column":18}}]},"4":{"type":"branch","line":71,"loc":{"start":{"line":71,"column":13},"end":{"line":72,"column":85}},"locations":[{"start":{"line":71,"column":13},"end":{"line":72,"column":85}}]},"5":{"type":"branch","line":77,"loc":{"start":{"line":77,"column":31},"end":{"line":77,"column":89}},"locations":[{"start":{"line":77,"column":31},"end":{"line":77,"column":89}}]},"6":{"type":"branch","line":77,"loc":{"start":{"line":77,"column":77},"end":{"line":78,"column":23}},"locations":[{"start":{"line":77,"column":77},"end":{"line":78,"column":23}}]},"7":{"type":"branch","line":84,"loc":{"start":{"line":84,"column":29},"end":{"line":84,"column":88}},"locations":[{"start":{"line":84,"column":29},"end":{"line":84,"column":88}}]},"8":{"type":"branch","line":84,"loc":{"start":{"line":84,"column":104},"end":{"line":99,"column":14}},"locations":[{"start":{"line":84,"column":104},"end":{"line":99,"column":14}}]},"9":{"type":"branch","line":87,"loc":{"start":{"line":87,"column":43},"end":{"line":87,"column":56}},"locations":[{"start":{"line":87,"column":43},"end":{"line":87,"column":56}}]},"10":{"type":"branch","line":94,"loc":{"start":{"line":94,"column":39},"end":{"line":94,"column":51}},"locations":[{"start":{"line":94,"column":39},"end":{"line":94,"column":51}}]},"11":{"type":"branch","line":60,"loc":{"start":{"line":60,"column":23},"end":{"line":71,"column":13}},"locations":[{"start":{"line":60,"column":23},"end":{"line":71,"column":13}}]}},"b":{"0":[2],"1":[0],"2":[0],"3":[1],"4":[1],"5":[0],"6":[0],"7":[0],"8":[1],"9":[0],"10":[0],"11":[10]},"fnMap":{"0":{"name":"SearchResult","decl":{"start":{"line":21,"column":21},"end":{"line":103,"column":2}},"loc":{"start":{"line":21,"column":21},"end":{"line":103,"column":2}},"line":21},"1":{"name":"goToDetails","decl":{"start":{"line":29,"column":22},"end":{"line":46,"column":4}},"loc":{"start":{"line":29,"column":22},"end":{"line":46,"column":4}},"line":29},"2":{"name":"handleClick","decl":{"start":{"line":48,"column":22},"end":{"line":50,"column":4}},"loc":{"start":{"line":48,"column":22},"end":{"line":50,"column":4}},"line":48},"3":{"name":"onClick","decl":{"start":{"line":63,"column":27},"end":{"line":65,"column":20}},"loc":{"start":{"line":63,"column":27},"end":{"line":65,"column":20}},"line":63},"4":{"name":"onClick","decl":{"start":{"line":88,"column":21},"end":{"line":88,"column":57}},"loc":{"start":{"line":88,"column":21},"end":{"line":88,"column":57}},"line":88},"5":{"name":"onClick","decl":{"start":{"line":95,"column":21},"end":{"line":95,"column":57}},"loc":{"start":{"line":95,"column":21},"end":{"line":95,"column":57}},"line":95}},"f":{"0":2,"1":0,"2":0,"3":0,"4":0,"5":0}}
,"C:\\Projects\\REACT2023Q4\\src\\Result\\Card\\Card.tsx": {"path":"C:\\Projects\\REACT2023Q4\\src\\Result\\Card\\Card.tsx","all":false,"statementMap":{"0":{"start":{"line":1,"column":0},"end":{"line":1,"column":41}},"1":{"start":{"line":2,"column":0},"end":{"line":2,"column":40}},"2":{"start":{"line":3,"column":0},"end":{"line":3,"column":0}},"3":{"start":{"line":4,"column":0},"end":{"line":4,"column":23}},"4":{"start":{"line":5,"column":0},"end":{"line":5,"column":11}},"5":{"start":{"line":6,"column":0},"end":{"line":6,"column":78}},"6":{"start":{"line":7,"column":0},"end":{"line":7,"column":5}},"7":{"start":{"line":8,"column":0},"end":{"line":8,"column":24}},"8":{"start":{"line":9,"column":0},"end":{"line":9,"column":15}},"9":{"start":{"line":10,"column":0},"end":{"line":10,"column":2}},"10":{"start":{"line":11,"column":0},"end":{"line":11,"column":0}},"11":{"start":{"line":12,"column":0},"end":{"line":12,"column":35}},"12":{"start":{"line":13,"column":0},"end":{"line":13,"column":10}},"13":{"start":{"line":14,"column":0},"end":{"line":14,"column":85}},"14":{"start":{"line":15,"column":0},"end":{"line":15,"column":10}},"15":{"start":{"line":16,"column":0},"end":{"line":16,"column":35}},"16":{"start":{"line":17,"column":0},"end":{"line":17,"column":60}},"17":{"start":{"line":18,"column":0},"end":{"line":18,"column":31}},"18":{"start":{"line":19,"column":0},"end":{"line":19,"column":13}},"19":{"start":{"line":20,"column":0},"end":{"line":20,"column":71}},"20":{"start":{"line":21,"column":0},"end":{"line":21,"column":76}},"21":{"start":{"line":22,"column":0},"end":{"line":22,"column":41}},"22":{"start":{"line":23,"column":0},"end":{"line":23,"column":86}},"23":{"start":{"line":24,"column":0},"end":{"line":24,"column":20}},"24":{"start":{"line":25,"column":0},"end":{"line":25,"column":17}},"25":{"start":{"line":26,"column":0},"end":{"line":26,"column":44}},"26":{"start":{"line":27,"column":0},"end":{"line":27,"column":63}},"27":{"start":{"line":28,"column":0},"end":{"line":28,"column":15}},"28":{"start":{"line":29,"column":0},"end":{"line":29,"column":47}},"29":{"start":{"line":30,"column":0},"end":{"line":30,"column":22}},"30":{"start":{"line":31,"column":0},"end":{"line":31,"column":67}},"31":{"start":{"line":32,"column":0},"end":{"line":32,"column":19}},"32":{"start":{"line":33,"column":0},"end":{"line":33,"column":14}},"33":{"start":{"line":34,"column":0},"end":{"line":34,"column":13}},"34":{"start":{"line":35,"column":0},"end":{"line":35,"column":13}},"35":{"start":{"line":36,"column":0},"end":{"line":36,"column":12}},"36":{"start":{"line":37,"column":0},"end":{"line":37,"column":14}},"37":{"start":{"line":38,"column":0},"end":{"line":38,"column":4}},"38":{"start":{"line":39,"column":0},"end":{"line":39,"column":2}},"39":{"start":{"line":40,"column":0},"end":{"line":40,"column":0}},"40":{"start":{"line":41,"column":0},"end":{"line":41,"column":20}}},"s":{"0":1,"1":1,"2":1,"3":1,"4":1,"5":1,"6":1,"7":1,"8":1,"9":1,"10":1,"11":1,"12":11,"13":11,"14":11,"15":11,"16":11,"17":11,"18":11,"19":11,"20":11,"21":11,"22":11,"23":22,"24":22,"25":22,"26":22,"27":22,"28":22,"29":22,"30":22,"31":22,"32":22,"33":11,"34":11,"35":11,"36":11,"37":11,"38":11,"39":1,"40":1},"branchMap":{"0":{"type":"branch","line":12,"loc":{"start":{"line":12,"column":13},"end":{"line":39,"column":2}},"locations":[{"start":{"line":12,"column":13},"end":{"line":39,"column":2}}]},"1":{"type":"branch","line":23,"loc":{"start":{"line":23,"column":75},"end":{"line":34,"column":11}},"locations":[{"start":{"line":23,"column":75},"end":{"line":34,"column":11}}]}},"b":{"0":[11],"1":[22]},"fnMap":{"0":{"name":"Card","decl":{"start":{"line":12,"column":13},"end":{"line":39,"column":2}},"loc":{"start":{"line":12,"column":13},"end":{"line":39,"column":2}},"line":12}},"f":{"0":11}}
,"C:\\Projects\\REACT2023Q4\\src\\Result\\stubs\\stub.tsx": {"path":"C:\\Projects\\REACT2023Q4\\src\\Result\\stubs\\stub.tsx","all":false,"statementMap":{"0":{"start":{"line":1,"column":0},"end":{"line":1,"column":41}},"1":{"start":{"line":2,"column":0},"end":{"line":2,"column":0}},"2":{"start":{"line":3,"column":0},"end":{"line":3,"column":49}},"3":{"start":{"line":4,"column":0},"end":{"line":4,"column":11}},"4":{"start":{"line":5,"column":0},"end":{"line":5,"column":3}},"5":{"start":{"line":6,"column":0},"end":{"line":6,"column":26}},"6":{"start":{"line":7,"column":0},"end":{"line":7,"column":27}},"7":{"start":{"line":8,"column":0},"end":{"line":8,"column":16}},"8":{"start":{"line":9,"column":0},"end":{"line":9,"column":14}},"9":{"start":{"line":10,"column":0},"end":{"line":10,"column":11}},"10":{"start":{"line":11,"column":0},"end":{"line":11,"column":11}},"11":{"start":{"line":12,"column":0},"end":{"line":12,"column":5}},"12":{"start":{"line":13,"column":0},"end":{"line":13,"column":37}},"13":{"start":{"line":14,"column":0},"end":{"line":14,"column":16}},"14":{"start":{"line":15,"column":0},"end":{"line":15,"column":37}},"15":{"start":{"line":16,"column":0},"end":{"line":16,"column":30}},"16":{"start":{"line":17,"column":0},"end":{"line":17,"column":95}},"17":{"start":{"line":18,"column":0},"end":{"line":18,"column":47}},"18":{"start":{"line":19,"column":0},"end":{"line":19,"column":4}},"19":{"start":{"line":20,"column":0},"end":{"line":20,"column":3}},"20":{"start":{"line":21,"column":0},"end":{"line":21,"column":25}},"21":{"start":{"line":22,"column":0},"end":{"line":22,"column":21}},"22":{"start":{"line":23,"column":0},"end":{"line":23,"column":16}},"23":{"start":{"line":24,"column":0},"end":{"line":24,"column":16}},"24":{"start":{"line":25,"column":0},"end":{"line":25,"column":38}},"25":{"start":{"line":26,"column":0},"end":{"line":26,"column":16}},"26":{"start":{"line":27,"column":0},"end":{"line":27,"column":37}},"27":{"start":{"line":28,"column":0},"end":{"line":28,"column":32}},"28":{"start":{"line":29,"column":0},"end":{"line":29,"column":95}},"29":{"start":{"line":30,"column":0},"end":{"line":30,"column":47}},"30":{"start":{"line":31,"column":0},"end":{"line":31,"column":4}},"31":{"start":{"line":32,"column":0},"end":{"line":32,"column":3}},"32":{"start":{"line":33,"column":0},"end":{"line":33,"column":26}},"33":{"start":{"line":34,"column":0},"end":{"line":34,"column":27}},"34":{"start":{"line":35,"column":0},"end":{"line":35,"column":16}},"35":{"start":{"line":36,"column":0},"end":{"line":36,"column":14}},"36":{"start":{"line":37,"column":0},"end":{"line":37,"column":11}},"37":{"start":{"line":38,"column":0},"end":{"line":38,"column":11}},"38":{"start":{"line":39,"column":0},"end":{"line":39,"column":5}},"39":{"start":{"line":40,"column":0},"end":{"line":40,"column":37}},"40":{"start":{"line":41,"column":0},"end":{"line":41,"column":16}},"41":{"start":{"line":42,"column":0},"end":{"line":42,"column":37}},"42":{"start":{"line":43,"column":0},"end":{"line":43,"column":30}},"43":{"start":{"line":44,"column":0},"end":{"line":44,"column":95}},"44":{"start":{"line":45,"column":0},"end":{"line":45,"column":47}},"45":{"start":{"line":46,"column":0},"end":{"line":46,"column":4}},"46":{"start":{"line":47,"column":0},"end":{"line":47,"column":3}},"47":{"start":{"line":48,"column":0},"end":{"line":48,"column":27}},"48":{"start":{"line":49,"column":0},"end":{"line":49,"column":24}},"49":{"start":{"line":50,"column":0},"end":{"line":50,"column":16}},"50":{"start":{"line":51,"column":0},"end":{"line":51,"column":14}},"51":{"start":{"line":52,"column":0},"end":{"line":52,"column":11}},"52":{"start":{"line":53,"column":0},"end":{"line":53,"column":5}},"53":{"start":{"line":54,"column":0},"end":{"line":54,"column":0}},"54":{"start":{"line":55,"column":0},"end":{"line":55,"column":22}},"55":{"start":{"line":56,"column":0},"end":{"line":56,"column":16}},"56":{"start":{"line":57,"column":0},"end":{"line":57,"column":36}},"57":{"start":{"line":58,"column":0},"end":{"line":58,"column":29}},"58":{"start":{"line":59,"column":0},"end":{"line":59,"column":95}},"59":{"start":{"line":60,"column":0},"end":{"line":60,"column":47}},"60":{"start":{"line":61,"column":0},"end":{"line":61,"column":4}},"61":{"start":{"line":62,"column":0},"end":{"line":62,"column":3}},"62":{"start":{"line":63,"column":0},"end":{"line":63,"column":27}},"63":{"start":{"line":64,"column":0},"end":{"line":64,"column":24}},"64":{"start":{"line":65,"column":0},"end":{"line":65,"column":16}},"65":{"start":{"line":66,"column":0},"end":{"line":66,"column":14}},"66":{"start":{"line":67,"column":0},"end":{"line":67,"column":11}},"67":{"start":{"line":68,"column":0},"end":{"line":68,"column":5}},"68":{"start":{"line":69,"column":0},"end":{"line":69,"column":22}},"69":{"start":{"line":70,"column":0},"end":{"line":70,"column":17}},"70":{"start":{"line":71,"column":0},"end":{"line":71,"column":46}},"71":{"start":{"line":72,"column":0},"end":{"line":72,"column":38}},"72":{"start":{"line":73,"column":0},"end":{"line":73,"column":95}},"73":{"start":{"line":74,"column":0},"end":{"line":74,"column":47}},"74":{"start":{"line":75,"column":0},"end":{"line":75,"column":4}},"75":{"start":{"line":76,"column":0},"end":{"line":76,"column":3}},"76":{"start":{"line":77,"column":0},"end":{"line":77,"column":27}},"77":{"start":{"line":78,"column":0},"end":{"line":78,"column":24}},"78":{"start":{"line":79,"column":0},"end":{"line":79,"column":16}},"79":{"start":{"line":80,"column":0},"end":{"line":80,"column":14}},"80":{"start":{"line":81,"column":0},"end":{"line":81,"column":11}},"81":{"start":{"line":82,"column":0},"end":{"line":82,"column":5}},"82":{"start":{"line":83,"column":0},"end":{"line":83,"column":22}},"83":{"start":{"line":84,"column":0},"end":{"line":84,"column":17}},"84":{"start":{"line":85,"column":0},"end":{"line":85,"column":46}},"85":{"start":{"line":86,"column":0},"end":{"line":86,"column":38}},"86":{"start":{"line":87,"column":0},"end":{"line":87,"column":95}},"87":{"start":{"line":88,"column":0},"end":{"line":88,"column":47}},"88":{"start":{"line":89,"column":0},"end":{"line":89,"column":4}},"89":{"start":{"line":90,"column":0},"end":{"line":90,"column":3}},"90":{"start":{"line":91,"column":0},"end":{"line":91,"column":27}},"91":{"start":{"line":92,"column":0},"end":{"line":92,"column":24}},"92":{"start":{"line":93,"column":0},"end":{"line":93,"column":16}},"93":{"start":{"line":94,"column":0},"end":{"line":94,"column":14}},"94":{"start":{"line":95,"column":0},"end":{"line":95,"column":11}},"95":{"start":{"line":96,"column":0},"end":{"line":96,"column":5}},"96":{"start":{"line":97,"column":0},"end":{"line":97,"column":22}},"97":{"start":{"line":98,"column":0},"end":{"line":98,"column":16}},"98":{"start":{"line":99,"column":0},"end":{"line":99,"column":39}},"99":{"start":{"line":100,"column":0},"end":{"line":100,"column":38}},"100":{"start":{"line":101,"column":0},"end":{"line":101,"column":95}},"101":{"start":{"line":102,"column":0},"end":{"line":102,"column":47}},"102":{"start":{"line":103,"column":0},"end":{"line":103,"column":4}},"103":{"start":{"line":104,"column":0},"end":{"line":104,"column":3}},"104":{"start":{"line":105,"column":0},"end":{"line":105,"column":25}},"105":{"start":{"line":106,"column":0},"end":{"line":106,"column":21}},"106":{"start":{"line":107,"column":0},"end":{"line":107,"column":16}},"107":{"start":{"line":108,"column":0},"end":{"line":108,"column":14}},"108":{"start":{"line":109,"column":0},"end":{"line":109,"column":40}},"109":{"start":{"line":110,"column":0},"end":{"line":110,"column":16}},"110":{"start":{"line":111,"column":0},"end":{"line":111,"column":39}},"111":{"start":{"line":112,"column":0},"end":{"line":112,"column":23}},"112":{"start":{"line":113,"column":0},"end":{"line":113,"column":95}},"113":{"start":{"line":114,"column":0},"end":{"line":114,"column":47}},"114":{"start":{"line":115,"column":0},"end":{"line":115,"column":4}},"115":{"start":{"line":116,"column":0},"end":{"line":116,"column":3}},"116":{"start":{"line":117,"column":0},"end":{"line":117,"column":27}},"117":{"start":{"line":118,"column":0},"end":{"line":118,"column":24}},"118":{"start":{"line":119,"column":0},"end":{"line":119,"column":16}},"119":{"start":{"line":120,"column":0},"end":{"line":120,"column":14}},"120":{"start":{"line":121,"column":0},"end":{"line":121,"column":11}},"121":{"start":{"line":122,"column":0},"end":{"line":122,"column":5}},"122":{"start":{"line":123,"column":0},"end":{"line":123,"column":22}},"123":{"start":{"line":124,"column":0},"end":{"line":124,"column":16}},"124":{"start":{"line":125,"column":0},"end":{"line":125,"column":39}},"125":{"start":{"line":126,"column":0},"end":{"line":126,"column":29}},"126":{"start":{"line":127,"column":0},"end":{"line":127,"column":95}},"127":{"start":{"line":128,"column":0},"end":{"line":128,"column":47}},"128":{"start":{"line":129,"column":0},"end":{"line":129,"column":4}},"129":{"start":{"line":130,"column":0},"end":{"line":130,"column":3}},"130":{"start":{"line":131,"column":0},"end":{"line":131,"column":25}},"131":{"start":{"line":132,"column":0},"end":{"line":132,"column":30}},"132":{"start":{"line":133,"column":0},"end":{"line":133,"column":16}},"133":{"start":{"line":134,"column":0},"end":{"line":134,"column":14}},"134":{"start":{"line":135,"column":0},"end":{"line":135,"column":10}},"135":{"start":{"line":136,"column":0},"end":{"line":136,"column":5}},"136":{"start":{"line":137,"column":0},"end":{"line":137,"column":30}},"137":{"start":{"line":138,"column":0},"end":{"line":138,"column":16}},"138":{"start":{"line":139,"column":0},"end":{"line":139,"column":25}},"139":{"start":{"line":140,"column":0},"end":{"line":140,"column":26}},"140":{"start":{"line":141,"column":0},"end":{"line":141,"column":95}},"141":{"start":{"line":142,"column":0},"end":{"line":142,"column":47}},"142":{"start":{"line":143,"column":0},"end":{"line":143,"column":4}},"143":{"start":{"line":144,"column":0},"end":{"line":144,"column":2}},"144":{"start":{"line":145,"column":0},"end":{"line":145,"column":1}},"145":{"start":{"line":146,"column":0},"end":{"line":146,"column":26}}},"s":{"0":1,"1":1,"2":1,"3":1,"4":1,"5":1,"6":1,"7":1,"8":1,"9":1,"10":1,"11":1,"12":1,"13":1,"14":1,"15":1,"16":1,"17":1,"18":1,"19":1,"20":1,"21":1,"22":1,"23":1,"24":1,"25":1,"26":1,"27":1,"28":1,"29":1,"30":1,"31":1,"32":1,"33":1,"34":1,"35":1,"36":1,"37":1,"38":1,"39":1,"40":1,"41":1,"42":1,"43":1,"44":1,"45":1,"46":1,"47":1,"48":1,"49":1,"50":1,"51":1,"52":1,"53":1,"54":1,"55":1,"56":1,"57":1,"58":1,"59":1,"60":1,"61":1,"62":1,"63":1,"64":1,"65":1,"66":1,"67":1,"68":1,"69":1,"70":1,"71":1,"72":1,"73":1,"74":1,"75":1,"76":1,"77":1,"78":1,"79":1,"80":1,"81":1,"82":1,"83":1,"84":1,"85":1,"86":1,"87":1,"88":1,"89":1,"90":1,"91":1,"92":1,"93":1,"94":1,"95":1,"96":1,"97":1,"98":1,"99":1,"100":1,"101":1,"102":1,"103":1,"104":1,"105":1,"106":1,"107":1,"108":1,"109":1,"110":1,"111":1,"112":1,"113":1,"114":1,"115":1,"116":1,"117":1,"118":1,"119":1,"120":1,"121":1,"122":1,"123":1,"124":1,"125":1,"126":1,"127":1,"128":1,"129":1,"130":1,"131":1,"132":1,"133":1,"134":1,"135":1,"136":1,"137":1,"138":1,"139":1,"140":1,"141":1,"142":1,"143":1,"144":1,"145":1},"branchMap":{},"b":{},"fnMap":{},"f":{}}
,"C:\\Projects\\REACT2023Q4\\src\\Search\\Search.tsx": {"path":"C:\\Projects\\REACT2023Q4\\src\\Search\\Search.tsx","all":false,"statementMap":{"0":{"start":{"line":1,"column":0},"end":{"line":1,"column":57}},"1":{"start":{"line":2,"column":0},"end":{"line":2,"column":62}},"2":{"start":{"line":3,"column":0},"end":{"line":3,"column":42}},"3":{"start":{"line":4,"column":0},"end":{"line":4,"column":57}},"4":{"start":{"line":5,"column":0},"end":{"line":5,"column":0}},"5":{"start":{"line":6,"column":0},"end":{"line":6,"column":22}},"6":{"start":{"line":7,"column":0},"end":{"line":7,"column":43}},"7":{"start":{"line":8,"column":0},"end":{"line":8,"column":9}},"8":{"start":{"line":9,"column":0},"end":{"line":9,"column":9}},"9":{"start":{"line":10,"column":0},"end":{"line":10,"column":25}},"10":{"start":{"line":11,"column":0},"end":{"line":11,"column":22}},"11":{"start":{"line":12,"column":0},"end":{"line":12,"column":59}},"12":{"start":{"line":13,"column":0},"end":{"line":13,"column":0}},"13":{"start":{"line":14,"column":0},"end":{"line":14,"column":19}},"14":{"start":{"line":15,"column":0},"end":{"line":15,"column":24}},"15":{"start":{"line":16,"column":0},"end":{"line":16,"column":13}},"16":{"start":{"line":17,"column":0},"end":{"line":17,"column":0}},"17":{"start":{"line":18,"column":0},"end":{"line":18,"column":10}},"18":{"start":{"line":19,"column":0},"end":{"line":19,"column":9}},"19":{"start":{"line":20,"column":0},"end":{"line":20,"column":39}},"20":{"start":{"line":21,"column":0},"end":{"line":21,"column":19}},"21":{"start":{"line":22,"column":0},"end":{"line":22,"column":21}},"22":{"start":{"line":23,"column":0},"end":{"line":23,"column":23}},"23":{"start":{"line":24,"column":0},"end":{"line":24,"column":28}},"24":{"start":{"line":25,"column":0},"end":{"line":25,"column":8}},"25":{"start":{"line":26,"column":0},"end":{"line":26,"column":5}},"26":{"start":{"line":27,"column":0},"end":{"line":27,"column":88}},"27":{"start":{"line":28,"column":0},"end":{"line":28,"column":81}},"28":{"start":{"line":29,"column":0},"end":{"line":29,"column":12}},"29":{"start":{"line":30,"column":0},"end":{"line":30,"column":39}},"30":{"start":{"line":31,"column":0},"end":{"line":31,"column":27}},"31":{"start":{"line":32,"column":0},"end":{"line":32,"column":28}},"32":{"start":{"line":33,"column":0},"end":{"line":33,"column":21}},"33":{"start":{"line":34,"column":0},"end":{"line":34,"column":19}},"34":{"start":{"line":35,"column":0},"end":{"line":35,"column":32}},"35":{"start":{"line":36,"column":0},"end":{"line":36,"column":61}},"36":{"start":{"line":37,"column":0},"end":{"line":37,"column":44}},"37":{"start":{"line":38,"column":0},"end":{"line":38,"column":10}},"38":{"start":{"line":39,"column":0},"end":{"line":39,"column":15}},"39":{"start":{"line":40,"column":0},"end":{"line":40,"column":62}},"40":{"start":{"line":41,"column":0},"end":{"line":41,"column":61}},"41":{"start":{"line":42,"column":0},"end":{"line":42,"column":11}},"42":{"start":{"line":43,"column":0},"end":{"line":43,"column":4}},"43":{"start":{"line":44,"column":0},"end":{"line":44,"column":2}},"44":{"start":{"line":45,"column":0},"end":{"line":45,"column":0}},"45":{"start":{"line":46,"column":0},"end":{"line":46,"column":22}}},"s":{"0":1,"1":1,"2":1,"3":1,"4":1,"5":1,"6":4,"7":4,"8":4,"9":4,"10":4,"11":4,"12":4,"13":4,"14":2,"15":4,"16":4,"17":4,"18":4,"19":4,"20":4,"21":4,"22":4,"23":0,"24":0,"25":4,"26":4,"27":4,"28":4,"29":4,"30":4,"31":4,"32":4,"33":4,"34":4,"35":4,"36":0,"37":0,"38":4,"39":4,"40":4,"41":4,"42":4,"43":4,"44":1,"45":1},"branchMap":{"0":{"type":"branch","line":6,"loc":{"start":{"line":6,"column":15},"end":{"line":44,"column":2}},"locations":[{"start":{"line":6,"column":15},"end":{"line":44,"column":2}}]},"1":{"type":"branch","line":14,"loc":{"start":{"line":14,"column":12},"end":{"line":16,"column":5}},"locations":[{"start":{"line":14,"column":12},"end":{"line":16,"column":5}}]}},"b":{"0":[4],"1":[2]},"fnMap":{"0":{"name":"Search","decl":{"start":{"line":6,"column":15},"end":{"line":44,"column":2}},"loc":{"start":{"line":6,"column":15},"end":{"line":44,"column":2}},"line":6},"1":{"name":"onSubmit","decl":{"start":{"line":23,"column":16},"end":{"line":25,"column":8}},"loc":{"start":{"line":23,"column":16},"end":{"line":25,"column":8}},"line":23},"2":{"name":"onChange","decl":{"start":{"line":36,"column":18},"end":{"line":38,"column":10}},"loc":{"start":{"line":36,"column":18},"end":{"line":38,"column":10}},"line":36}},"f":{"0":4,"1":0,"2":0}}
,"C:\\Projects\\REACT2023Q4\\src\\Spinner\\Spinner.tsx": {"path":"C:\\Projects\\REACT2023Q4\\src\\Spinner\\Spinner.tsx","all":false,"statementMap":{"0":{"start":{"line":1,"column":0},"end":{"line":1,"column":43}},"1":{"start":{"line":2,"column":0},"end":{"line":2,"column":0}},"2":{"start":{"line":3,"column":0},"end":{"line":3,"column":23}},"3":{"start":{"line":4,"column":0},"end":{"line":4,"column":10}},"4":{"start":{"line":5,"column":0},"end":{"line":5,"column":37}},"5":{"start":{"line":6,"column":0},"end":{"line":6,"column":41}},"6":{"start":{"line":7,"column":0},"end":{"line":7,"column":19}},"7":{"start":{"line":8,"column":0},"end":{"line":8,"column":19}},"8":{"start":{"line":9,"column":0},"end":{"line":9,"column":19}},"9":{"start":{"line":10,"column":0},"end":{"line":10,"column":19}},"10":{"start":{"line":11,"column":0},"end":{"line":11,"column":19}},"11":{"start":{"line":12,"column":0},"end":{"line":12,"column":19}},"12":{"start":{"line":13,"column":0},"end":{"line":13,"column":19}},"13":{"start":{"line":14,"column":0},"end":{"line":14,"column":19}},"14":{"start":{"line":15,"column":0},"end":{"line":15,"column":12}},"15":{"start":{"line":16,"column":0},"end":{"line":16,"column":10}},"16":{"start":{"line":17,"column":0},"end":{"line":17,"column":4}},"17":{"start":{"line":18,"column":0},"end":{"line":18,"column":2}},"18":{"start":{"line":19,"column":0},"end":{"line":19,"column":0}},"19":{"start":{"line":20,"column":0},"end":{"line":20,"column":23}}},"s":{"0":1,"1":1,"2":1,"3":0,"4":0,"5":0,"6":0,"7":0,"8":0,"9":0,"10":0,"11":0,"12":0,"13":0,"14":0,"15":0,"16":0,"17":0,"18":1,"19":1},"branchMap":{},"b":{},"fnMap":{"0":{"name":"Spinner","decl":{"start":{"line":3,"column":16},"end":{"line":18,"column":2}},"loc":{"start":{"line":3,"column":16},"end":{"line":18,"column":2}},"line":3}},"f":{"0":0}}
,"C:\\Projects\\REACT2023Q4\\src\\StateContext\\SearchContext.tsx": {"path":"C:\\Projects\\REACT2023Q4\\src\\StateContext\\SearchContext.tsx","all":false,"statementMap":{"0":{"start":{"line":1,"column":0},"end":{"line":1,"column":86}},"1":{"start":{"line":2,"column":0},"end":{"line":2,"column":38}},"2":{"start":{"line":3,"column":0},"end":{"line":3,"column":0}},"3":{"start":{"line":4,"column":0},"end":{"line":4,"column":21}},"4":{"start":{"line":5,"column":0},"end":{"line":5,"column":34}},"5":{"start":{"line":6,"column":0},"end":{"line":6,"column":50}},"6":{"start":{"line":7,"column":0},"end":{"line":7,"column":2}},"7":{"start":{"line":8,"column":0},"end":{"line":8,"column":22}},"8":{"start":{"line":9,"column":0},"end":{"line":9,"column":15}},"9":{"start":{"line":10,"column":0},"end":{"line":10,"column":31}},"10":{"start":{"line":11,"column":0},"end":{"line":11,"column":1}},"11":{"start":{"line":12,"column":0},"end":{"line":12,"column":41}},"12":{"start":{"line":13,"column":0},"end":{"line":13,"column":24}},"13":{"start":{"line":14,"column":0},"end":{"line":14,"column":1}},"14":{"start":{"line":15,"column":0},"end":{"line":15,"column":0}},"15":{"start":{"line":16,"column":0},"end":{"line":16,"column":42}},"16":{"start":{"line":17,"column":0},"end":{"line":17,"column":11}},"17":{"start":{"line":18,"column":0},"end":{"line":18,"column":13}},"18":{"start":{"line":19,"column":0},"end":{"line":19,"column":12}},"19":{"start":{"line":20,"column":0},"end":{"line":20,"column":22}},"20":{"start":{"line":21,"column":0},"end":{"line":21,"column":24}},"21":{"start":{"line":22,"column":0},"end":{"line":22,"column":4}},"22":{"start":{"line":23,"column":0},"end":{"line":23,"column":2}},"23":{"start":{"line":24,"column":0},"end":{"line":24,"column":0}},"24":{"start":{"line":25,"column":0},"end":{"line":25,"column":57}},"25":{"start":{"line":26,"column":0},"end":{"line":26,"column":0}},"26":{"start":{"line":27,"column":0},"end":{"line":27,"column":29}},"27":{"start":{"line":28,"column":0},"end":{"line":28,"column":20}},"28":{"start":{"line":29,"column":0},"end":{"line":29,"column":64}},"29":{"start":{"line":30,"column":0},"end":{"line":30,"column":3}},"30":{"start":{"line":31,"column":0},"end":{"line":31,"column":36}},"31":{"start":{"line":32,"column":0},"end":{"line":32,"column":24}},"32":{"start":{"line":33,"column":0},"end":{"line":33,"column":22}},"33":{"start":{"line":34,"column":0},"end":{"line":34,"column":75}},"34":{"start":{"line":35,"column":0},"end":{"line":35,"column":12}},"35":{"start":{"line":36,"column":0},"end":{"line":36,"column":5}},"36":{"start":{"line":37,"column":0},"end":{"line":37,"column":24}},"37":{"start":{"line":38,"column":0},"end":{"line":38,"column":72}},"38":{"start":{"line":39,"column":0},"end":{"line":39,"column":12}},"39":{"start":{"line":40,"column":0},"end":{"line":40,"column":5}},"40":{"start":{"line":41,"column":0},"end":{"line":41,"column":12}},"41":{"start":{"line":42,"column":0},"end":{"line":42,"column":71}},"42":{"start":{"line":43,"column":0},"end":{"line":43,"column":3}},"43":{"start":{"line":44,"column":0},"end":{"line":44,"column":22}},"44":{"start":{"line":45,"column":0},"end":{"line":45,"column":1}},"45":{"start":{"line":46,"column":0},"end":{"line":46,"column":0}},"46":{"start":{"line":47,"column":0},"end":{"line":47,"column":65}},"47":{"start":{"line":48,"column":0},"end":{"line":48,"column":67}},"48":{"start":{"line":49,"column":0},"end":{"line":49,"column":30}},"49":{"start":{"line":50,"column":0},"end":{"line":50,"column":59}},"50":{"start":{"line":51,"column":0},"end":{"line":51,"column":15}},"51":{"start":{"line":52,"column":0},"end":{"line":52,"column":4}},"52":{"start":{"line":53,"column":0},"end":{"line":53,"column":32}},"53":{"start":{"line":54,"column":0},"end":{"line":54,"column":75}},"54":{"start":{"line":55,"column":0},"end":{"line":55,"column":15}},"55":{"start":{"line":56,"column":0},"end":{"line":56,"column":4}},"56":{"start":{"line":57,"column":0},"end":{"line":57,"column":10}},"57":{"start":{"line":58,"column":0},"end":{"line":58,"column":13}},"58":{"start":{"line":59,"column":0},"end":{"line":59,"column":14}},"59":{"start":{"line":60,"column":0},"end":{"line":60,"column":23}},"60":{"start":{"line":61,"column":0},"end":{"line":61,"column":27}},"61":{"start":{"line":62,"column":0},"end":{"line":62,"column":6}},"62":{"start":{"line":63,"column":0},"end":{"line":63,"column":4}},"63":{"start":{"line":64,"column":0},"end":{"line":64,"column":2}},"64":{"start":{"line":65,"column":0},"end":{"line":65,"column":0}},"65":{"start":{"line":66,"column":0},"end":{"line":66,"column":128}},"66":{"start":{"line":67,"column":0},"end":{"line":67,"column":45}},"67":{"start":{"line":68,"column":0},"end":{"line":68,"column":0}},"68":{"start":{"line":69,"column":0},"end":{"line":69,"column":81}},"69":{"start":{"line":70,"column":0},"end":{"line":70,"column":2}},"70":{"start":{"line":71,"column":0},"end":{"line":71,"column":0}},"71":{"start":{"line":72,"column":0},"end":{"line":72,"column":60}}},"s":{"0":1,"1":1,"2":1,"3":1,"4":1,"5":1,"6":1,"7":1,"8":1,"9":1,"10":1,"11":1,"12":1,"13":1,"14":1,"15":1,"16":1,"17":1,"18":1,"19":1,"20":1,"21":1,"22":1,"23":1,"24":1,"25":1,"26":1,"27":2,"28":2,"29":2,"30":2,"31":2,"32":2,"33":0,"34":0,"35":0,"36":2,"37":2,"38":2,"39":2,"40":2,"41":0,"42":2,"43":2,"44":2,"45":1,"46":1,"47":4,"48":4,"49":4,"50":4,"51":4,"52":4,"53":4,"54":4,"55":4,"56":4,"57":4,"58":4,"59":4,"60":4,"61":4,"62":4,"63":4,"64":1,"65":1,"66":4,"67":4,"68":4,"69":4,"70":1,"71":1},"branchMap":{"0":{"type":"branch","line":27,"loc":{"start":{"line":27,"column":7},"end":{"line":45,"column":1}},"locations":[{"start":{"line":27,"column":7},"end":{"line":45,"column":1}}]},"1":{"type":"branch","line":33,"loc":{"start":{"line":33,"column":4},"end":{"line":36,"column":5}},"locations":[{"start":{"line":33,"column":4},"end":{"line":36,"column":5}}]},"2":{"type":"branch","line":38,"loc":{"start":{"line":38,"column":38},"end":{"line":38,"column":72}},"locations":[{"start":{"line":38,"column":38},"end":{"line":38,"column":72}}]},"3":{"type":"branch","line":41,"loc":{"start":{"line":41,"column":4},"end":{"line":42,"column":71}},"locations":[{"start":{"line":41,"column":4},"end":{"line":42,"column":71}}]},"4":{"type":"branch","line":47,"loc":{"start":{"line":47,"column":30},"end":{"line":64,"column":2}},"locations":[{"start":{"line":47,"column":30},"end":{"line":64,"column":2}}]},"5":{"type":"branch","line":54,"loc":{"start":{"line":54,"column":4},"end":{"line":54,"column":75}},"locations":[{"start":{"line":54,"column":4},"end":{"line":54,"column":75}}]},"6":{"type":"branch","line":66,"loc":{"start":{"line":66,"column":29},"end":{"line":70,"column":2}},"locations":[{"start":{"line":66,"column":29},"end":{"line":70,"column":2}}]},"7":{"type":"branch","line":72,"loc":{"start":{"line":72,"column":29},"end":{"line":72,"column":60}},"locations":[{"start":{"line":72,"column":29},"end":{"line":72,"column":60}}]}},"b":{"0":[2],"1":[0],"2":[0],"3":[0],"4":[4],"5":[2],"6":[4],"7":[10]},"fnMap":{"0":{"name":"setText","decl":{"start":{"line":20,"column":13},"end":{"line":20,"column":22}},"loc":{"start":{"line":20,"column":13},"end":{"line":20,"column":22}},"line":20},"1":{"name":"setResult","decl":{"start":{"line":21,"column":15},"end":{"line":21,"column":24}},"loc":{"start":{"line":21,"column":15},"end":{"line":21,"column":24}},"line":21},"2":{"name":"StateReducer","decl":{"start":{"line":27,"column":7},"end":{"line":45,"column":1}},"loc":{"start":{"line":27,"column":7},"end":{"line":45,"column":1}},"line":27},"3":{"name":"useCustomState","decl":{"start":{"line":47,"column":30},"end":{"line":64,"column":2}},"loc":{"start":{"line":47,"column":30},"end":{"line":64,"column":2}},"line":47},"4":{"name":"StateProvider","decl":{"start":{"line":66,"column":29},"end":{"line":70,"column":2}},"loc":{"start":{"line":66,"column":29},"end":{"line":70,"column":2}},"line":66},"5":{"name":"useStateStore","decl":{"start":{"line":72,"column":29},"end":{"line":72,"column":60}},"loc":{"start":{"line":72,"column":29},"end":{"line":72,"column":60}},"line":72}},"f":{"0":0,"1":0,"2":2,"3":4,"4":4,"5":10}}
,"C:\\Projects\\REACT2023Q4\\src\\api\\api.tsx": {"path":"C:\\Projects\\REACT2023Q4\\src\\api\\api.tsx","all":false,"statementMap":{"0":{"start":{"line":1,"column":0},"end":{"line":1,"column":42}},"1":{"start":{"line":2,"column":0},"end":{"line":2,"column":0}},"2":{"start":{"line":3,"column":0},"end":{"line":3,"column":90}},"3":{"start":{"line":4,"column":0},"end":{"line":4,"column":59}},"4":{"start":{"line":5,"column":0},"end":{"line":5,"column":0}},"5":{"start":{"line":6,"column":0},"end":{"line":6,"column":19}},"6":{"start":{"line":7,"column":0},"end":{"line":7,"column":19}},"7":{"start":{"line":8,"column":0},"end":{"line":8,"column":15}},"8":{"start":{"line":9,"column":0},"end":{"line":9,"column":15}},"9":{"start":{"line":10,"column":0},"end":{"line":10,"column":2}},"10":{"start":{"line":11,"column":0},"end":{"line":11,"column":0}},"11":{"start":{"line":12,"column":0},"end":{"line":12,"column":26}},"12":{"start":{"line":13,"column":0},"end":{"line":13,"column":16}},"13":{"start":{"line":14,"column":0},"end":{"line":14,"column":22}},"14":{"start":{"line":15,"column":0},"end":{"line":15,"column":44}},"15":{"start":{"line":16,"column":0},"end":{"line":16,"column":7}},"16":{"start":{"line":17,"column":0},"end":{"line":17,"column":21}},"17":{"start":{"line":18,"column":0},"end":{"line":18,"column":29}},"18":{"start":{"line":19,"column":0},"end":{"line":19,"column":36}},"19":{"start":{"line":20,"column":0},"end":{"line":20,"column":25}},"20":{"start":{"line":21,"column":0},"end":{"line":21,"column":53}},"21":{"start":{"line":22,"column":0},"end":{"line":22,"column":84}},"22":{"start":{"line":23,"column":0},"end":{"line":23,"column":20}},"23":{"start":{"line":24,"column":0},"end":{"line":24,"column":19}},"24":{"start":{"line":25,"column":0},"end":{"line":25,"column":7}},"25":{"start":{"line":26,"column":0},"end":{"line":26,"column":23}},"26":{"start":{"line":27,"column":0},"end":{"line":27,"column":79}},"27":{"start":{"line":28,"column":0},"end":{"line":28,"column":18}},"28":{"start":{"line":29,"column":0},"end":{"line":29,"column":5}},"29":{"start":{"line":30,"column":0},"end":{"line":30,"column":27}},"30":{"start":{"line":31,"column":0},"end":{"line":31,"column":15}},"31":{"start":{"line":32,"column":0},"end":{"line":32,"column":29}},"32":{"start":{"line":33,"column":0},"end":{"line":33,"column":16}},"33":{"start":{"line":34,"column":0},"end":{"line":34,"column":3}},"34":{"start":{"line":35,"column":0},"end":{"line":35,"column":1}},"35":{"start":{"line":36,"column":0},"end":{"line":36,"column":0}},"36":{"start":{"line":37,"column":0},"end":{"line":37,"column":32}},"37":{"start":{"line":38,"column":0},"end":{"line":38,"column":16}},"38":{"start":{"line":39,"column":0},"end":{"line":39,"column":13}},"39":{"start":{"line":40,"column":0},"end":{"line":40,"column":41}},"40":{"start":{"line":41,"column":0},"end":{"line":41,"column":7}},"41":{"start":{"line":42,"column":0},"end":{"line":42,"column":76}},"42":{"start":{"line":43,"column":0},"end":{"line":43,"column":20}},"43":{"start":{"line":44,"column":0},"end":{"line":44,"column":19}},"44":{"start":{"line":45,"column":0},"end":{"line":45,"column":7}},"45":{"start":{"line":46,"column":0},"end":{"line":46,"column":23}},"46":{"start":{"line":47,"column":0},"end":{"line":47,"column":79}},"47":{"start":{"line":48,"column":0},"end":{"line":48,"column":18}},"48":{"start":{"line":49,"column":0},"end":{"line":49,"column":5}},"49":{"start":{"line":50,"column":0},"end":{"line":50,"column":27}},"50":{"start":{"line":51,"column":0},"end":{"line":51,"column":15}},"51":{"start":{"line":52,"column":0},"end":{"line":52,"column":29}},"52":{"start":{"line":53,"column":0},"end":{"line":53,"column":16}},"53":{"start":{"line":54,"column":0},"end":{"line":54,"column":3}},"54":{"start":{"line":55,"column":0},"end":{"line":55,"column":1}},"55":{"start":{"line":56,"column":0},"end":{"line":56,"column":0}},"56":{"start":{"line":57,"column":0},"end":{"line":57,"column":27}},"57":{"start":{"line":58,"column":0},"end":{"line":58,"column":15}},"58":{"start":{"line":59,"column":0},"end":{"line":59,"column":19}},"59":{"start":{"line":60,"column":0},"end":{"line":60,"column":14}},"60":{"start":{"line":61,"column":0},"end":{"line":61,"column":33}},"61":{"start":{"line":62,"column":0},"end":{"line":62,"column":15}},"62":{"start":{"line":63,"column":0},"end":{"line":63,"column":14}},"63":{"start":{"line":64,"column":0},"end":{"line":64,"column":18}},"64":{"start":{"line":65,"column":0},"end":{"line":65,"column":17}},"65":{"start":{"line":66,"column":0},"end":{"line":66,"column":19}},"66":{"start":{"line":67,"column":0},"end":{"line":67,"column":13}},"67":{"start":{"line":68,"column":0},"end":{"line":68,"column":1}},"68":{"start":{"line":69,"column":0},"end":{"line":69,"column":0}},"69":{"start":{"line":70,"column":0},"end":{"line":70,"column":34}},"70":{"start":{"line":71,"column":0},"end":{"line":71,"column":16}},"71":{"start":{"line":72,"column":0},"end":{"line":72,"column":22}},"72":{"start":{"line":73,"column":0},"end":{"line":73,"column":34}},"73":{"start":{"line":74,"column":0},"end":{"line":74,"column":52}},"74":{"start":{"line":75,"column":0},"end":{"line":75,"column":0}},"75":{"start":{"line":76,"column":0},"end":{"line":76,"column":27}},"76":{"start":{"line":77,"column":0},"end":{"line":77,"column":42}},"77":{"start":{"line":78,"column":0},"end":{"line":78,"column":37}},"78":{"start":{"line":79,"column":0},"end":{"line":79,"column":25}},"79":{"start":{"line":80,"column":0},"end":{"line":80,"column":33}},"80":{"start":{"line":81,"column":0},"end":{"line":81,"column":31}},"81":{"start":{"line":82,"column":0},"end":{"line":82,"column":29}},"82":{"start":{"line":83,"column":0},"end":{"line":83,"column":25}},"83":{"start":{"line":84,"column":0},"end":{"line":84,"column":23}},"84":{"start":{"line":85,"column":0},"end":{"line":85,"column":31}},"85":{"start":{"line":86,"column":0},"end":{"line":86,"column":29}},"86":{"start":{"line":87,"column":0},"end":{"line":87,"column":33}},"87":{"start":{"line":88,"column":0},"end":{"line":88,"column":21}},"88":{"start":{"line":89,"column":0},"end":{"line":89,"column":6}},"89":{"start":{"line":90,"column":0},"end":{"line":90,"column":0}},"90":{"start":{"line":91,"column":0},"end":{"line":91,"column":25}},"91":{"start":{"line":92,"column":0},"end":{"line":92,"column":5}},"92":{"start":{"line":93,"column":0},"end":{"line":93,"column":1}},"93":{"start":{"line":94,"column":0},"end":{"line":94,"column":0}},"94":{"start":{"line":95,"column":0},"end":{"line":95,"column":40}},"95":{"start":{"line":96,"column":0},"end":{"line":96,"column":16}},"96":{"start":{"line":97,"column":0},"end":{"line":97,"column":13}},"97":{"start":{"line":98,"column":0},"end":{"line":98,"column":29}},"98":{"start":{"line":99,"column":0},"end":{"line":99,"column":53}},"99":{"start":{"line":100,"column":0},"end":{"line":100,"column":0}},"100":{"start":{"line":101,"column":0},"end":{"line":101,"column":29}},"101":{"start":{"line":102,"column":0},"end":{"line":102,"column":35}},"102":{"start":{"line":103,"column":0},"end":{"line":103,"column":29}},"103":{"start":{"line":104,"column":0},"end":{"line":104,"column":37}},"104":{"start":{"line":105,"column":0},"end":{"line":105,"column":35}},"105":{"start":{"line":106,"column":0},"end":{"line":106,"column":33}},"106":{"start":{"line":107,"column":0},"end":{"line":107,"column":29}},"107":{"start":{"line":108,"column":0},"end":{"line":108,"column":27}},"108":{"start":{"line":109,"column":0},"end":{"line":109,"column":35}},"109":{"start":{"line":110,"column":0},"end":{"line":110,"column":33}},"110":{"start":{"line":111,"column":0},"end":{"line":111,"column":37}},"111":{"start":{"line":112,"column":0},"end":{"line":112,"column":25}},"112":{"start":{"line":113,"column":0},"end":{"line":113,"column":4}},"113":{"start":{"line":114,"column":0},"end":{"line":114,"column":23}},"114":{"start":{"line":115,"column":0},"end":{"line":115,"column":1}},"115":{"start":{"line":116,"column":0},"end":{"line":116,"column":0}},"116":{"start":{"line":117,"column":0},"end":{"line":117,"column":38}},"117":{"start":{"line":118,"column":0},"end":{"line":118,"column":22}},"118":{"start":{"line":119,"column":0},"end":{"line":119,"column":34}},"119":{"start":{"line":120,"column":0},"end":{"line":120,"column":45}},"120":{"start":{"line":121,"column":0},"end":{"line":121,"column":1}},"121":{"start":{"line":122,"column":0},"end":{"line":122,"column":0}},"122":{"start":{"line":123,"column":0},"end":{"line":123,"column":83}},"123":{"start":{"line":124,"column":0},"end":{"line":124,"column":46}},"124":{"start":{"line":125,"column":0},"end":{"line":125,"column":1}}},"s":{"0":1,"1":1,"2":1,"3":1,"4":1,"5":1,"6":1,"7":1,"8":1,"9":1,"10":1,"11":0,"12":0,"13":0,"14":0,"15":0,"16":0,"17":0,"18":0,"19":0,"20":0,"21":0,"22":0,"23":0,"24":0,"25":0,"26":0,"27":0,"28":0,"29":0,"30":0,"31":0,"32":0,"33":0,"34":0,"35":1,"36":0,"37":0,"38":0,"39":0,"40":0,"41":0,"42":0,"43":0,"44":0,"45":0,"46":0,"47":0,"48":0,"49":0,"50":0,"51":0,"52":0,"53":0,"54":0,"55":1,"56":1,"57":1,"58":1,"59":1,"60":1,"61":1,"62":1,"63":1,"64":1,"65":1,"66":1,"67":1,"68":1,"69":0,"70":0,"71":0,"72":0,"73":0,"74":0,"75":0,"76":0,"77":0,"78":0,"79":0,"80":0,"81":0,"82":0,"83":0,"84":0,"85":0,"86":0,"87":0,"88":0,"89":0,"90":0,"91":0,"92":0,"93":1,"94":0,"95":0,"96":0,"97":0,"98":0,"99":0,"100":0,"101":0,"102":0,"103":0,"104":0,"105":0,"106":0,"107":0,"108":0,"109":0,"110":0,"111":0,"112":0,"113":0,"114":0,"115":1,"116":0,"117":0,"118":0,"119":0,"120":0,"121":1,"122":0,"123":0,"124":0},"branchMap":{},"b":{},"fnMap":{"0":{"name":"getMTGData","decl":{"start":{"line":12,"column":0},"end":{"line":35,"column":1}},"loc":{"start":{"line":12,"column":0},"end":{"line":35,"column":1}},"line":12},"1":{"name":"getMTGDetailData","decl":{"start":{"line":37,"column":0},"end":{"line":55,"column":1}},"loc":{"start":{"line":37,"column":0},"end":{"line":55,"column":1}},"line":37},"2":{"name":"getMTGCards","decl":{"start":{"line":70,"column":0},"end":{"line":93,"column":1}},"loc":{"start":{"line":70,"column":0},"end":{"line":93,"column":1}},"line":70},"3":{"name":"getMTGCardsDetail","decl":{"start":{"line":95,"column":0},"end":{"line":115,"column":1}},"loc":{"start":{"line":95,"column":0},"end":{"line":115,"column":1}},"line":95},"4":{"name":"getMTGCardsData","decl":{"start":{"line":117,"column":0},"end":{"line":121,"column":1}},"loc":{"start":{"line":117,"column":0},"end":{"line":121,"column":1}},"line":117},"5":{"name":"getMTGCardsDataDetail","decl":{"start":{"line":123,"column":0},"end":{"line":125,"column":1}},"loc":{"start":{"line":123,"column":0},"end":{"line":125,"column":1}},"line":123}},"f":{"0":0,"1":0,"2":0,"3":0,"4":0,"5":0}}
,"C:\\Projects\\REACT2023Q4\\src\\routes\\Root.tsx": {"path":"C:\\Projects\\REACT2023Q4\\src\\routes\\Root.tsx","all":false,"statementMap":{"0":{"start":{"line":1,"column":0},"end":{"line":1,"column":38}},"1":{"start":{"line":2,"column":0},"end":{"line":2,"column":20}},"2":{"start":{"line":3,"column":0},"end":{"line":3,"column":8}},"3":{"start":{"line":4,"column":0},"end":{"line":4,"column":17}},"4":{"start":{"line":5,"column":0},"end":{"line":5,"column":9}},"5":{"start":{"line":6,"column":0},"end":{"line":6,"column":16}},"6":{"start":{"line":7,"column":0},"end":{"line":7,"column":14}},"7":{"start":{"line":8,"column":0},"end":{"line":8,"column":18}},"8":{"start":{"line":9,"column":0},"end":{"line":9,"column":26}},"9":{"start":{"line":10,"column":0},"end":{"line":10,"column":44}},"10":{"start":{"line":11,"column":0},"end":{"line":11,"column":38}},"11":{"start":{"line":12,"column":0},"end":{"line":12,"column":62}},"12":{"start":{"line":13,"column":0},"end":{"line":13,"column":55}},"13":{"start":{"line":14,"column":0},"end":{"line":14,"column":0}},"14":{"start":{"line":15,"column":0},"end":{"line":15,"column":46}},"15":{"start":{"line":16,"column":0},"end":{"line":16,"column":10}},"16":{"start":{"line":17,"column":0},"end":{"line":17,"column":38}},"17":{"start":{"line":18,"column":0},"end":{"line":18,"column":35}},"18":{"start":{"line":19,"column":0},"end":{"line":19,"column":52}},"19":{"start":{"line":20,"column":0},"end":{"line":20,"column":58}},"20":{"start":{"line":21,"column":0},"end":{"line":21,"column":50}},"21":{"start":{"line":22,"column":0},"end":{"line":22,"column":44}},"22":{"start":{"line":23,"column":0},"end":{"line":23,"column":17}},"23":{"start":{"line":24,"column":0},"end":{"line":24,"column":36}},"24":{"start":{"line":25,"column":0},"end":{"line":25,"column":28}},"25":{"start":{"line":26,"column":0},"end":{"line":26,"column":5}},"26":{"start":{"line":27,"column":0},"end":{"line":27,"column":20}},"27":{"start":{"line":28,"column":0},"end":{"line":28,"column":2}},"28":{"start":{"line":29,"column":0},"end":{"line":29,"column":0}},"29":{"start":{"line":30,"column":0},"end":{"line":30,"column":20}},"30":{"start":{"line":31,"column":0},"end":{"line":31,"column":33}},"31":{"start":{"line":32,"column":0},"end":{"line":32,"column":60}},"32":{"start":{"line":33,"column":0},"end":{"line":33,"column":90}},"33":{"start":{"line":34,"column":0},"end":{"line":34,"column":78}},"34":{"start":{"line":35,"column":0},"end":{"line":35,"column":61}},"35":{"start":{"line":36,"column":0},"end":{"line":36,"column":9}},"36":{"start":{"line":37,"column":0},"end":{"line":37,"column":9}},"37":{"start":{"line":38,"column":0},"end":{"line":38,"column":36}},"38":{"start":{"line":39,"column":0},"end":{"line":39,"column":22}},"39":{"start":{"line":40,"column":0},"end":{"line":40,"column":0}},"40":{"start":{"line":41,"column":0},"end":{"line":41,"column":19}},"41":{"start":{"line":42,"column":0},"end":{"line":42,"column":43}},"42":{"start":{"line":43,"column":0},"end":{"line":43,"column":16}},"43":{"start":{"line":44,"column":0},"end":{"line":44,"column":27}},"44":{"start":{"line":45,"column":0},"end":{"line":45,"column":9}},"45":{"start":{"line":46,"column":0},"end":{"line":46,"column":12}},"46":{"start":{"line":47,"column":0},"end":{"line":47,"column":46}},"47":{"start":{"line":48,"column":0},"end":{"line":48,"column":5}},"48":{"start":{"line":49,"column":0},"end":{"line":49,"column":9}},"49":{"start":{"line":50,"column":0},"end":{"line":50,"column":19}},"50":{"start":{"line":51,"column":0},"end":{"line":51,"column":26}},"51":{"start":{"line":52,"column":0},"end":{"line":52,"column":30}},"52":{"start":{"line":53,"column":0},"end":{"line":53,"column":0}},"53":{"start":{"line":54,"column":0},"end":{"line":54,"column":45}},"54":{"start":{"line":55,"column":0},"end":{"line":55,"column":15}},"55":{"start":{"line":56,"column":0},"end":{"line":56,"column":31}},"56":{"start":{"line":57,"column":0},"end":{"line":57,"column":64}},"57":{"start":{"line":58,"column":0},"end":{"line":58,"column":4}},"58":{"start":{"line":59,"column":0},"end":{"line":59,"column":47}},"59":{"start":{"line":60,"column":0},"end":{"line":60,"column":19}},"60":{"start":{"line":61,"column":0},"end":{"line":61,"column":21}},"61":{"start":{"line":62,"column":0},"end":{"line":62,"column":17}},"62":{"start":{"line":63,"column":0},"end":{"line":63,"column":36}},"63":{"start":{"line":64,"column":0},"end":{"line":64,"column":29}},"64":{"start":{"line":65,"column":0},"end":{"line":65,"column":7}},"65":{"start":{"line":66,"column":0},"end":{"line":66,"column":4}},"66":{"start":{"line":67,"column":0},"end":{"line":67,"column":10}},"67":{"start":{"line":68,"column":0},"end":{"line":68,"column":6}},"68":{"start":{"line":69,"column":0},"end":{"line":69,"column":16}},"69":{"start":{"line":70,"column":0},"end":{"line":70,"column":16}},"70":{"start":{"line":71,"column":0},"end":{"line":71,"column":80}},"71":{"start":{"line":72,"column":0},"end":{"line":72,"column":36}},"72":{"start":{"line":73,"column":0},"end":{"line":73,"column":36}},"73":{"start":{"line":74,"column":0},"end":{"line":74,"column":38}},"74":{"start":{"line":75,"column":0},"end":{"line":75,"column":15}},"75":{"start":{"line":76,"column":0},"end":{"line":76,"column":68}},"76":{"start":{"line":77,"column":0},"end":{"line":77,"column":7}},"77":{"start":{"line":78,"column":0},"end":{"line":78,"column":4}},"78":{"start":{"line":79,"column":0},"end":{"line":79,"column":2}},"79":{"start":{"line":80,"column":0},"end":{"line":80,"column":0}},"80":{"start":{"line":81,"column":0},"end":{"line":81,"column":20}}},"s":{"0":1,"1":1,"2":1,"3":1,"4":1,"5":1,"6":1,"7":1,"8":1,"9":1,"10":1,"11":1,"12":1,"13":1,"14":1,"15":0,"16":0,"17":0,"18":0,"19":0,"20":0,"21":0,"22":0,"23":0,"24":0,"25":0,"26":0,"27":0,"28":1,"29":1,"30":4,"31":4,"32":4,"33":4,"34":4,"35":4,"36":4,"37":4,"38":4,"39":4,"40":4,"41":2,"42":2,"43":2,"44":2,"45":2,"46":0,"47":0,"48":4,"49":4,"50":2,"51":4,"52":4,"53":4,"54":0,"55":0,"56":0,"57":0,"58":4,"59":0,"60":0,"61":0,"62":0,"63":0,"64":0,"65":0,"66":4,"67":4,"68":4,"69":4,"70":4,"71":4,"72":4,"73":4,"74":4,"75":4,"76":4,"77":4,"78":4,"79":1,"80":1},"branchMap":{"0":{"type":"branch","line":30,"loc":{"start":{"line":30,"column":13},"end":{"line":79,"column":2}},"locations":[{"start":{"line":30,"column":13},"end":{"line":79,"column":2}}]},"1":{"type":"branch","line":41,"loc":{"start":{"line":41,"column":12},"end":{"line":49,"column":5}},"locations":[{"start":{"line":41,"column":12},"end":{"line":49,"column":5}}]},"2":{"type":"branch","line":46,"loc":{"start":{"line":46,"column":4},"end":{"line":48,"column":5}},"locations":[{"start":{"line":46,"column":4},"end":{"line":48,"column":5}}]},"3":{"type":"branch","line":50,"loc":{"start":{"line":50,"column":12},"end":{"line":52,"column":5}},"locations":[{"start":{"line":50,"column":12},"end":{"line":52,"column":5}}]}},"b":{"0":[4],"1":[2],"2":[0],"3":[2]},"fnMap":{"0":{"name":"loader","decl":{"start":{"line":15,"column":38},"end":{"line":28,"column":2}},"loc":{"start":{"line":15,"column":38},"end":{"line":28,"column":2}},"line":15},"1":{"name":"Root","decl":{"start":{"line":30,"column":13},"end":{"line":79,"column":2}},"loc":{"start":{"line":30,"column":13},"end":{"line":79,"column":2}},"line":30},"2":{"name":"changePageSize","decl":{"start":{"line":54,"column":25},"end":{"line":58,"column":4}},"loc":{"start":{"line":54,"column":25},"end":{"line":58,"column":4}},"line":54},"3":{"name":"handlePagination","decl":{"start":{"line":59,"column":27},"end":{"line":66,"column":4}},"loc":{"start":{"line":59,"column":27},"end":{"line":66,"column":4}},"line":59},"4":{"name":"onChange","decl":{"start":{"line":71,"column":41},"end":{"line":71,"column":80}},"loc":{"start":{"line":71,"column":41},"end":{"line":71,"column":80}},"line":71}},"f":{"0":0,"1":4,"2":0,"3":0,"4":0}}
}
